Using pre-set license

 COMMAND LINE ARGUMENTS:
/Applications/2020.3.1f1/Unity.app/Contents/MacOS/Unity
-adb2
-batchMode
-noUpm
-name
AssetImportWorker0
-projectPath
/Users/dikshujain/Unity Project/Realm Rush
-logFile
Logs/AssetImportWorker0.log
-srvPort
49479
Successfully changed project path to: /Users/dikshujain/Unity Project/Realm Rush
/Users/dikshujain/Unity Project/Realm Rush
Using Asset Import Pipeline V2.
Refreshing native plugins compatible for Editor in 280.27 ms, found 1 plugins.
Preloading 0 native plugins for Editor in 0.00 ms.
Initialize engine version: 2020.3.1f1 (77a89f25062f)
[Subsystems] Discovering subsystems at path /Applications/2020.3.1f1/Unity.app/Contents/Resources/UnitySubsystems
[Subsystems] Discovering subsystems at path /Users/dikshujain/Unity Project/Realm Rush/Assets
GfxDevice: creating device client; threaded=0
2021-04-07 07:05:12.307 Unity[1272:15924] Color LCD preferred device: Intel(R) Iris(TM) Graphics 6000 (low power)
2021-04-07 07:05:12.307 Unity[1272:15924] Metal devices available: 1
2021-04-07 07:05:12.307 Unity[1272:15924] 0: Intel(R) Iris(TM) Graphics 6000 (low power)
2021-04-07 07:05:12.308 Unity[1272:15924] Using device Intel(R) Iris(TM) Graphics 6000 (low power)
Initializing Metal device caps: Intel(R) Iris(TM) Graphics 6000
Initialize mono
Mono path[0] = '/Applications/2020.3.1f1/Unity.app/Contents/Managed'
Mono path[1] = '/Applications/2020.3.1f1/Unity.app/Contents/MonoBleedingEdge/lib/mono/unityjit'
Mono config path = '/Applications/2020.3.1f1/Unity.app/Contents/MonoBleedingEdge/etc'
Using monoOptions --debugger-agent=transport=dt_socket,embedding=1,server=y,suspend=n,address=127.0.0.1:56272
Begin MonoManager ReloadAssembly
Registering precompiled unity dll's ...
Register platform support module: /Applications/2020.3.1f1/Unity.app/Contents/PlaybackEngines/MacStandaloneSupport/UnityEditor.OSXStandalone.Extensions.dll
Registered in 0.002663 seconds.
Native extension for OSXStandalone target not found
Refreshing native plugins compatible for Editor in 87.66 ms, found 1 plugins.
Preloading 0 native plugins for Editor in 0.00 ms.
Invoked RoslynAnalysisRunner static constructor.
RoslynAnalysisRunner will not be running.
RoslynAnalysisRunner has terminated.
Mono: successfully reloaded assembly
- Completed reload, in  9.125 seconds
Platform modules already initialized, skipping
Registering precompiled user dll's ...
Registered in 0.006548 seconds.
Begin MonoManager ReloadAssembly
Native extension for OSXStandalone target not found
Refreshing native plugins compatible for Editor in 0.75 ms, found 1 plugins.
Preloading 0 native plugins for Editor in 0.00 ms.
Invoked RoslynAnalysisRunner static constructor.
RoslynAnalysisRunner will not be running.
RoslynAnalysisRunner has terminated.
Mono: successfully reloaded assembly
- Completed reload, in  3.059 seconds
Platform modules already initialized, skipping
========================================================================
Worker process is ready to serve import requests
Launching external process: /Applications/2020.3.1f1/Unity.app/Contents/Tools/UnityShaderCompiler
Launched and connected shader compiler UnityShaderCompiler after 0.03 seconds
Refreshing native plugins compatible for Editor in 0.92 ms, found 1 plugins.
Preloading 0 native plugins for Editor in 0.00 ms.
Unloading 1529 Unused Serialized files (Serialized files now loaded: 0)
System memory in use before: 130.8 MB.
System memory in use after: 130.8 MB.

Unloading 33 unused Assets to reduce memory usage. Loaded Objects now: 1958.
Total: 8.401979 ms (FindLiveObjects: 0.787690 ms CreateObjectMapping: 0.308879 ms MarkObjects: 7.178185 ms  DeleteObjects: 0.123801 ms)

========================================================================
Received Import Request.
  path: Assets/SPACEMAN.TTF
  artifactKey: Guid(09d389049f0784edd9382020996d7432) Importer(815301076,1909f56bfc062723c751e8b465ee728b)
Start importing Assets/SPACEMAN.TTF using Guid(09d389049f0784edd9382020996d7432) Importer(815301076,1909f56bfc062723c751e8b465ee728b)  -> (artifact id: '1518888f8ed1b8caae7c78e3129bb953') in 8.068721 seconds
  Import took 8.079877 seconds .

========================================================================
Received Import Request.
  Time since last request: 0.000360 seconds.
  path: Assets/New Post-processing Profile.asset
  artifactKey: Guid(4475949f34f3e4304b15656477c52d63) Importer(815301076,1909f56bfc062723c751e8b465ee728b)
Start importing Assets/New Post-processing Profile.asset using Guid(4475949f34f3e4304b15656477c52d63) Importer(815301076,1909f56bfc062723c751e8b465ee728b)  -> (artifact id: '4f860acc298741b7a893db16ce6f9b13') in 2.612686 seconds
  Import took 2.619476 seconds .

========================================================================
Received Import Request.
  Time since last request: 0.000333 seconds.
  path: Assets/Scenes
  artifactKey: Guid(176db05cfcea64365853329647353127) Importer(815301076,1909f56bfc062723c751e8b465ee728b)
Start importing Assets/Scenes using Guid(176db05cfcea64365853329647353127) Importer(815301076,1909f56bfc062723c751e8b465ee728b)  -> (artifact id: 'a8e21e7c5567963d45335e5da6bbcc88') in 0.001875 seconds
  Import took 0.008121 seconds .

========================================================================
Received Import Request.
  Time since last request: 1.980795 seconds.
  path: Assets/Scenes/Last Screen.unity
  artifactKey: Guid(1c7e0779f0f92491f851faa5c9a83fef) Importer(815301076,1909f56bfc062723c751e8b465ee728b)
Start importing Assets/Scenes/Last Screen.unity using Guid(1c7e0779f0f92491f851faa5c9a83fef) Importer(815301076,1909f56bfc062723c751e8b465ee728b)  -> (artifact id: '2bf0bab034c6f63f7ade89564a37ceef') in 0.003001 seconds
  Import took 0.008008 seconds .

========================================================================
Received Import Request.
  Time since last request: 2.124038 seconds.
  path: Assets/Scenes/Main Menu.unity
  artifactKey: Guid(0068e47b906154a4a99a03747674623d) Importer(815301076,1909f56bfc062723c751e8b465ee728b)
Start importing Assets/Scenes/Main Menu.unity using Guid(0068e47b906154a4a99a03747674623d) Importer(815301076,1909f56bfc062723c751e8b465ee728b)  -> (artifact id: 'e9451abb2efb4338fff113fa3963984e') in 0.004232 seconds
  Import took 0.012017 seconds .

========================================================================
Received Prepare
Registering precompiled user dll's ...
Registered in 0.003553 seconds.
Begin MonoManager ReloadAssembly
Native extension for OSXStandalone target not found
Refreshing native plugins compatible for Editor in 0.50 ms, found 1 plugins.
Preloading 0 native plugins for Editor in 0.00 ms.
Invoked RoslynAnalysisRunner static constructor.
RoslynAnalysisRunner will not be running.
RoslynAnalysisRunner has terminated.
Mono: successfully reloaded assembly
- Completed reload, in  3.079 seconds
Platform modules already initialized, skipping
Refreshing native plugins compatible for Editor in 0.81 ms, found 1 plugins.
Preloading 0 native plugins for Editor in 0.00 ms.
Unloading 1496 Unused Serialized files (Serialized files now loaded: 0)
System memory in use before: 141.5 MB.
System memory in use after: 141.6 MB.

Unloading 24 unused Assets to reduce memory usage. Loaded Objects now: 2005.
Total: 7.453126 ms (FindLiveObjects: 0.541098 ms CreateObjectMapping: 0.356390 ms MarkObjects: 6.513115 ms  DeleteObjects: 0.040234 ms)

